<?xml version="1.0" encoding="UTF-8"?>
<!-- Generated by org.testng.reporters.JUnitReportReporter -->
<testsuite hostname="Tanu" failures="0" tests="1" name="testCases.HomePageTest" time="3.462" errors="0" timestamp="2024-08-28T22:41:02 IST" skipped="0">
  <testcase classname="testCases.HomePageTest" name="launchUrl" time="3.462"/>
</testsuite> <!-- testCases.HomePageTest -->
