<?xml version="1.0" encoding="UTF-8"?>
<!-- Generated by org.testng.reporters.JUnitReportReporter -->
<testsuite hostname="Tanu" failures="0" tests="1" name="testCases.RegistrationTest" time="5.467" errors="0" timestamp="2024-09-20T23:01:42 IST" skipped="0">
  <testcase classname="testCases.RegistrationTest" name="registration" time="5.467"/>
</testsuite> <!-- testCases.RegistrationTest -->
