<?xml version="1.0" encoding="UTF-8"?>
<!-- Generated by org.testng.reporters.JUnitReportReporter -->
<testsuite hostname="Tanu" failures="0" tests="1" name="testCases.LoginPageTest" time="1.502" errors="0" timestamp="2024-09-20T23:01:42 IST" skipped="0">
  <testcase classname="testCases.LoginPageTest" name="loginTest" time="1.502"/>
</testsuite> <!-- testCases.LoginPageTest -->
